<<<<<<< HEAD
07:04:25 ---- /v1/contract/create-contract --- POST --- jwt expired
07:06:10 ---- /v1/contract/create-contract --- POST --- jwt expired
=======
07:56:25 ---- /v1/contract/debt --- GET --- jwt expired
07:56:25 ---- /v1/contract/debt --- GET --- jwt expired
07:56:55 ---- /v1/contract/debt --- GET --- jwt expired
07:56:55 ---- /v1/contract/debt --- GET --- jwt expired
07:59:31 ---- /v1/contract/debt --- GET --- jwt expired
07:59:31 ---- /v1/contract/debt --- GET --- jwt expired
07:59:32 ---- /v1/user/refresh-token --- POST --- Unauthorized
07:59:32 ---- /v1/user/refresh-token --- POST --- Unauthorized
07:59:37 ---- /v1/contract/debt --- GET --- jwt expired
07:59:37 ---- /v1/contract/debt --- GET --- jwt expired
07:59:37 ---- /v1/user/refresh-token --- POST --- Unauthorized
07:59:37 ---- /v1/user/refresh-token --- POST --- Unauthorized
07:59:45 ---- /v1/contract/debt --- GET --- jwt expired
07:59:45 ---- /v1/contract/debt --- GET --- jwt expired
07:59:45 ---- /v1/user/refresh-token --- POST --- Unauthorized
07:59:45 ---- /v1/user/refresh-token --- POST --- Unauthorized
07:59:47 ---- /v1/contract/debt --- GET --- jwt expired
07:59:47 ---- /v1/contract/debt --- GET --- jwt expired
07:59:47 ---- /v1/user/refresh-token --- POST --- Unauthorized
07:59:47 ---- /v1/user/refresh-token --- POST --- Unauthorized
08:03:32 ---- /v1/contract/debt --- GET --- jwt expired
08:03:32 ---- /v1/contract/debt --- GET --- jwt expired
08:04:02 ---- /v1/contract/find --- PATCH --- jwt expired
08:04:22 ---- /v1/contract/find --- PATCH --- jwt expired
08:04:42 ---- /v1/contract/find --- PATCH --- jwt expired
08:05:06 ---- /v1/contract/find --- PATCH --- jwt expired
08:05:26 ---- /v1/contract/find --- PATCH --- jwt expired
08:05:46 ---- /v1/contract/find --- PATCH --- jwt expired
08:06:06 ---- /v1/contract/find --- PATCH --- jwt expired
08:08:02 ---- /v1/contract/debt --- GET --- jwt expired
08:08:02 ---- /v1/contract/debt --- GET --- jwt expired
08:08:30 ---- /v1/contract/debt --- GET --- jwt expired
08:08:30 ---- /v1/contract/debt --- GET --- jwt expired
08:10:03 ---- /v1/contract/debt --- GET --- jwt expired
08:10:03 ---- /v1/contract/debt --- GET --- jwt expired
08:10:24 ---- /v1/contract/find --- PATCH --- jwt expired
08:10:44 ---- /v1/contract/debt --- GET --- jwt expired
08:10:45 ---- /v1/contract/debt --- GET --- jwt expired
<<<<<<< HEAD
08:36:32 ---- /v1/contract/debt --- GET --- jwt expired
08:39:33 ---- /v1/user/getlists --- GET --- jwt expired
08:48:59 ---- /v1/user/getlists --- GET --- jwt expired
08:49:20 ---- /v1/user/getlists --- GET --- jwt expired
09:08:20 ---- /v1/contract/debt --- GET --- jwt expired
09:08:20 ---- /v1/contract/debt --- GET --- jwt expired
09:13:13 ---- /v1/contract/debt --- GET --- jwt expired
09:13:13 ---- /v1/contract/debt --- GET --- jwt expired
09:26:28 ---- /v1/contract/debt --- GET --- jwt expired
09:26:28 ---- /v1/contract/debt --- GET --- jwt expired
09:26:57 ---- /v1/contract/debt --- GET --- jwt expired
09:26:57 ---- /v1/contract/debt --- GET --- jwt expired
09:48:04 ---- /v1/contract/debt --- GET --- jwt expired
09:48:04 ---- /v1/contract/debt --- GET --- jwt expired
09:55:20 ---- /v1/contract/debt --- GET --- jwt expired
09:55:20 ---- /v1/contract/debt --- GET --- jwt expired
10:22:06 ---- /v1/contract/debt --- GET --- jwt expired
10:40:59 ---- /v1/contract/debt --- GET --- jwt expired
10:40:59 ---- /v1/contract/debt --- GET --- jwt expired
10:41:00 ---- /v1/contract/debt --- GET --- jwt expired
10:41:00 ---- /v1/contract/debt --- GET --- jwt expired
10:58:58 ---- /v1/contract/debt --- GET --- jwt expired
10:58:58 ---- /v1/contract/debt --- GET --- jwt expired
11:25:39 ---- /v1/contract/debt --- GET --- jwt expired
11:25:39 ---- /v1/user/getlists --- GET --- jwt expired
11:25:39 ---- /v1/contract/debt --- GET --- jwt expired
11:25:39 ---- /v1/user/getlists --- GET --- jwt expired
13:08:12 ---- /v1/contract/debt --- GET --- jwt expired
13:08:12 ---- /v1/user/getlists --- GET --- jwt expired
13:08:12 ---- /v1/contract/debt --- GET --- jwt expired
13:08:12 ---- /v1/user/getlists --- GET --- jwt expired
13:08:12 ---- /v1/user/refresh-token --- POST --- undefined
13:08:12 ---- /v1/user/refresh-token --- POST --- undefined
13:08:12 ---- /v1/user/refresh-token --- POST --- undefined
13:08:12 ---- /v1/user/refresh-token --- POST --- undefined
13:08:50 ---- /v1/contract/debt --- GET --- jwt expired
13:08:50 ---- /v1/user/getlists --- GET --- jwt expired
13:08:50 ---- /v1/contract/debt --- GET --- jwt expired
13:08:50 ---- /v1/user/getlists --- GET --- jwt expired
13:08:50 ---- /v1/user/refresh-token --- POST --- undefined
13:08:50 ---- /v1/user/refresh-token --- POST --- undefined
13:08:50 ---- /v1/user/refresh-token --- POST --- undefined
13:08:50 ---- /v1/user/refresh-token --- POST --- undefined
13:08:57 ---- /v1/contract/debt --- GET --- jwt expired
13:08:57 ---- /v1/contract/debt --- GET --- jwt expired
13:08:57 ---- /v1/user/refresh-token --- POST --- undefined
13:08:57 ---- /v1/user/refresh-token --- POST --- undefined
13:10:12 ---- /v1/contract/debt --- GET --- jwt expired
13:10:12 ---- /v1/user/getlists --- GET --- jwt expired
13:10:12 ---- /v1/user/getlists --- GET --- jwt expired
13:10:12 ---- /v1/contract/debt --- GET --- jwt expired
13:10:12 ---- /v1/user/refresh-token --- POST --- Unauthorized
13:10:12 ---- /v1/user/refresh-token --- POST --- Unauthorized
13:10:12 ---- /v1/user/refresh-token --- POST --- Unauthorized
13:10:32 ---- /v1/contract/debt --- GET --- jwt expired
13:15:08 ---- /v1/contract/debt --- GET --- jwt expired
13:15:08 ---- /v1/user/getlists --- GET --- jwt expired
13:15:08 ---- /v1/user/getlists --- GET --- jwt expired
13:15:08 ---- /v1/contract/debt --- GET --- jwt expired
13:21:57 ---- /v1/contract/debt --- GET --- jwt expired
13:21:57 ---- /v1/user/getlists --- GET --- jwt expired
13:21:57 ---- /v1/contract/debt --- GET --- jwt expired
13:21:57 ---- /v1/user/getlists --- GET --- jwt expired
13:27:02 ---- /v1/contract/debt --- GET --- jwt expired
13:27:02 ---- /v1/contract/debt --- GET --- jwt expired
13:29:21 ---- /v1/contract/debt --- GET --- jwt expired
13:29:21 ---- /v1/user/getlists --- GET --- jwt expired
13:29:21 ---- /v1/contract/debt --- GET --- jwt expired
13:29:21 ---- /v1/user/getlists --- GET --- jwt expired
13:35:33 ---- /v1/contract/debt --- GET --- jwt expired
13:35:33 ---- /v1/user/getlists --- GET --- jwt expired
13:35:33 ---- /v1/contract/debt --- GET --- jwt expired
13:35:33 ---- /v1/user/getlists --- GET --- jwt expired
13:45:35 ---- /v1/user/getlists --- GET --- jwt expired
13:46:53 ---- /v1/user/getlists --- GET --- jwt expired
13:48:36 ---- /v1/user/getlists --- GET --- jwt expired
13:57:46 ---- /v1/user/getlists --- GET --- jwt expired
13:58:22 ---- /v1/user/getlists --- GET --- jwt expired
14:07:31 ---- /v1/user/getlists --- GET --- jwt expired
14:07:51 ---- /v1/contract/debt --- GET --- jwt expired
14:07:51 ---- /v1/contract/debt --- GET --- jwt expired
14:07:51 ---- /v1/user/getlists --- GET --- jwt expired
14:07:51 ---- /v1/user/getlists --- GET --- jwt expired
14:31:51 ---- /v1/user/getlists --- GET --- jwt expired
