14:04:36 ---- /v1/user/login --- POST --- User name c not Exist
14:53:20 ---- /v1/user/login --- POST --- User name c not Exist
14:53:28 ---- /v1/user/login --- POST --- "username" is required
14:53:36 ---- /v1/user/login --- POST --- User name ccx not Exist
14:53:37 ---- /v1/user/login --- POST --- User name ccx not Exist
14:55:46 ---- /v1/user/login --- POST --- User name dasd not Exist
14:57:26 ---- /v1/user/login --- POST --- User name dsad not Exist
14:57:28 ---- /v1/user/login --- POST --- User name dsad not Exist
14:58:25 ---- /v1/user/login --- POST --- User name dsa not Exist
14:58:26 ---- /v1/user/login --- POST --- User name dsa not Exist
15:03:02 ---- /v1/user/login --- POST --- User name 23 not Exist
15:03:02 ---- /v1/user/login --- POST --- "username" must be a string
15:03:48 ---- /v1/user/login --- POST --- User name 23123 not Exist
15:03:48 ---- /v1/user/login --- POST --- "username" must be a string
15:04:35 ---- /v1/user/login --- POST --- User name 23123 not Exist
15:04:36 ---- /v1/user/login --- POST --- "username" must be a string
15:04:47 ---- /v1/user/login --- POST --- User name 32123 not Exist
15:04:47 ---- /v1/user/login --- POST --- "password" is required
15:05:56 ---- /v1/user/login --- POST --- User name 32123 not Exist
15:05:56 ---- /v1/user/login --- POST --- "password" is required
15:06:10 ---- /v1/user/login --- POST --- Unauthorized
15:06:10 ---- /v1/user/login --- POST --- "password" is required
15:08:06 ---- /v1/user/login --- POST --- User name casc not Exist
15:08:06 ---- /v1/user/login --- POST --- "username" is required
15:10:29 ---- /v1/user/login --- POST --- "username" is required
15:10:29 ---- /v1/user/login --- POST --- "username" is required
15:10:42 ---- /v1/user/login --- POST --- User name 312313 not Exist
15:10:43 ---- /v1/user/login --- POST --- "password" is required
15:10:47 ---- /v1/user/login --- POST --- User name 312313 not Exist
15:10:48 ---- /v1/user/login --- POST --- "password" is required
15:12:49 ---- /v1/user/login --- POST --- User name 312313 not Exist
15:12:49 ---- /v1/user/login --- POST --- "password" is required
15:13:45 ---- /v1/user/login --- POST --- User name 1 not Exist
15:13:45 ---- /v1/user/login --- POST --- "password" must be a string
15:14:19 ---- /v1/user/login --- POST --- User name 1 not Exist
15:14:20 ---- /v1/user/login --- POST --- "password" must be a string
15:14:28 ---- /v1/user/login --- POST --- User name a not Exist
15:14:28 ---- /v1/user/login --- POST --- "password" must be a string
15:15:17 ---- /v1/user/login --- POST --- User name das not Exist
15:15:17 ---- /v1/user/login --- POST --- "password" is required
15:16:48 ---- /v1/user/login --- POST --- User name a not Exist
15:16:48 ---- /v1/user/login --- POST --- "username" must be a string
15:18:03 ---- /v1/user/login --- POST --- User name co not Exist
15:18:03 ---- /v1/user/login --- POST --- User name co not Exist
15:20:48 ---- /v1/user/login --- POST --- User name dasd not Exist
15:20:48 ---- /v1/user/login --- POST --- User name dasd not Exist
15:23:11 ---- /v1/user/login --- POST --- User name dasd not Exist
15:23:11 ---- /v1/user/login --- POST --- User name dasd not Exist
15:23:33 ---- /v1/user/login --- POST --- Unauthorized
15:23:34 ---- /v1/user/login --- POST --- Unauthorized
15:26:07 ---- /v1/user/login --- POST --- User name c not Exist
15:26:07 ---- /v1/user/login --- POST --- User name c not Exist
15:27:39 ---- /v1/user/login --- POST --- User name c not Exist
15:27:39 ---- /v1/user/login --- POST --- User name c not Exist
15:35:50 ---- /v1/user/login --- POST --- User name c not Exist
15:35:50 ---- /v1/user/login --- POST --- User name c not Exist
15:48:44 ---- /v1/user/login --- POST --- User name c not Exist
15:48:44 ---- /v1/user/login --- POST --- User name c not Exist
15:52:17 ---- /v1/user/login --- POST --- User name c not Exist
15:52:17 ---- /v1/user/login --- POST --- User name c not Exist
15:54:58 ---- /v1/user/login --- POST --- Unauthorized
15:54:58 ---- /v1/user/login --- POST --- Unauthorized
15:56:07 ---- /v1/user/login --- POST --- "username" is required
15:56:14 ---- /v1/user/login --- POST --- User name 1 not Exist
17:06:54 ---- /v1/user/login --- POST --- "username" is required
17:07:11 ---- /v1/user/login --- POST --- Unauthorized
17:10:03 ---- /v1/user/login --- POST --- "username" is required
17:12:38 ---- /v1/user/login --- POST --- "username" is required
17:12:45 ---- /v1/user/login --- POST --- "username" is required
17:13:35 ---- /v1/user/login --- POST --- "username" is required
17:16:00 ---- /v1/user/login --- POST --- "username" is required
17:16:17 ---- /v1/user/login --- POST --- User name c not Exist
17:18:28 ---- /v1/user/login --- POST --- "username" is required
17:19:13 ---- /v1/user/login --- POST --- "username" is required
18:00:45 ---- /v1/user/login --- POST --- "username" is required
19:49:28 ---- /v1/user/login --- POST --- "username" is required
19:51:17 ---- /v1/user/login --- POST --- "username" is required
19:54:47 ---- /v1/contract/debt --- GET --- jwt expired
19:54:47 ---- /v1/contract/debt --- GET --- jwt expired
20:00:14 ---- /v1/user/login --- POST --- "username" is required
20:00:39 ---- /v1/user/login --- POST --- "username" is required
20:00:51 ---- /v1/user/login --- POST --- "username" is required
20:01:23 ---- /v1/user/login --- POST --- "username" is required
20:01:23 ---- /v1/ --- GET --- Not found
20:01:40 ---- /v1/user/login --- POST --- "username" is required
20:01:40 ---- /v1 --- POST --- Not found
20:06:21 ---- /v1/user/login --- POST --- "username" is required
20:06:42 ---- /v1/user/login --- POST --- "username" is required
20:07:19 ---- /v1/user/login --- POST --- "username" is required
20:07:21 ---- /v1/user/login --- POST --- "username" is required
20:07:34 ---- /v1/user/login --- POST --- "username" is required
20:18:20 ---- /v1/user/login --- POST --- "username" is required
20:18:35 ---- /v1/user/login --- POST --- "username" is required
20:19:16 ---- /v1/user/login --- POST --- "username" is required
20:19:27 ---- /v1/user/login --- POST --- "username" is required
21:56:25 ---- /v1/user/login --- POST --- "username" is required
22:00:56 ---- /v1/user/login --- POST --- "username" is required
22:02:28 ---- /v1/user/login --- POST --- "username" is required
22:23:46 ---- /v1/user/login --- POST --- "username" is required
22:24:08 ---- /v1/user/login --- POST --- "username" is required
22:24:14 ---- /v1/user/login --- POST --- "username" is required
22:24:41 ---- /v1/user/login --- POST --- "username" is required
