22:29:45 ---- /v1/user/register --- POST --- ValidationError: "password" is required
22:29:57 ---- /v1/user/register --- POST --- ValidationError: "password" is required
22:37:14 ---- /v1/user/register --- POST --- ValidationError: "username" is required
22:37:28 ---- /v1/user/register --- POST --- ValidationError: "password" is not allowed to be empty
22:39:28 ---- /v1/user/register --- POST --- ValidationError: "password" is not allowed to be empty
22:41:15 ---- /v1/user/register --- POST --- "password" is not allowed to be empty
22:42:27 ---- /v1/user/register --- POST --- "fullname" must be a string
22:43:03 ---- /v1/user/register --- POST --- Unexpected token } in JSON at position 74
22:43:17 ---- /v1/user/register --- POST --- "fullname" is not allowed to be empty
22:45:26 ---- /v1/user/register --- POST --- "email" must be a valid email
22:49:45 ---- /v1/user/register --- POST --- "image" is not allowed
23:02:59 ---- /v1/user/register --- POST --- cong is ready registered
23:24:59 ---- /v1/user/register --- POST --- cong is ready registered
23:26:50 ---- /v1/user/register --- POST --- cong3 is ready registered
00:01:57 ---- /v1/user/login --- POST --- User name cong31 not Exist
00:02:11 ---- /v1/user/login --- POST --- ValidationError: "password" is not allowed to be empty
00:03:17 ---- /v1/user/login --- POST --- "password" is not allowed to be empty
00:03:24 ---- /v1/user/login --- POST --- User.isValidPassword is not a function
00:04:24 ---- /v1/user/login --- POST --- User.isCheckPassword is not a function
00:08:10 ---- /v1/user/login --- POST --- User.isCheckPassword is not a function
00:10:19 ---- /v1/user/login --- POST --- User.isCheckPassword is not a function
00:16:59 ---- /v1/user/login --- POST --- User.isCheckPassword is not a function
00:20:06 ---- /v1/user/login --- POST --- Unauthorized
00:20:27 ---- /v1/user/login --- POST --- Unauthorized
