13:07:45 ---- /v1/getlists --- GET --- Not found
13:08:01 ---- /v1/user/getlists --- GET --- Not found
13:08:05 ---- /v1/user/getlists --- GET --- Not found
13:10:54 ---- /v1/user/getlists --- GET --- Not found
13:33:02 ---- /v1/user/getlists --- GET --- undefined
19:56:04 ---- /v1/user/getlists --- GET --- undefined
20:38:57 ---- /v1/user/getlists --- GET --- undefined
20:39:16 ---- /v1/user/getlists --- GET --- undefined
20:39:25 ---- /v1/user/getlists --- GET --- undefined
20:41:14 ---- /v1/user/getlists --- GET --- undefined
20:43:23 ---- /v1/user/getlists --- GET --- jwt expired
20:43:32 ---- /v1/user/getlists --- GET --- jwt expired
20:43:36 ---- /v1/user/login --- GET --- Not found
20:43:36 ---- /favicon.ico --- GET --- Not found
20:44:25 ---- /v1/user/getlists --- GET --- jwt expired
20:44:43 ---- /v1/user/getlists --- GET --- invalid token
20:45:10 ---- /v1/user/getlists --- GET --- jwt expired
20:45:23 ---- /v1/user/getlists --- GET --- jwt expired
20:45:24 ---- /v1/user/getlists --- GET --- jwt expired
20:45:25 ---- /v1/user/getlists --- GET --- jwt expired
20:45:42 ---- /v1/user/getlists --- GET --- invalid token
20:45:58 ---- /v1/user/getlists --- GET --- invalid token
20:45:59 ---- /v1/user/getlists --- GET --- invalid token
20:46:00 ---- /v1/user/getlists --- GET --- invalid token
20:46:00 ---- /v1/user/getlists --- GET --- invalid token
20:46:01 ---- /v1/user/getlists --- GET --- invalid token
20:46:01 ---- /v1/user/getlists --- GET --- invalid token
20:46:01 ---- /v1/user/getlists --- GET --- invalid token
20:46:01 ---- /v1/user/getlists --- GET --- invalid token
20:46:02 ---- /v1/user/getlists --- GET --- invalid token
20:46:02 ---- /v1/user/getlists --- GET --- invalid token
20:46:13 ---- /v1/user/getlists --- GET --- jwt expired
20:46:26 ---- /v1/user/getlists --- GET --- jwt expired
20:47:27 ---- /v1/user/getlists --- GET --- jwt expired
20:47:29 ---- /v1/user/getlists --- GET --- jwt expired
20:47:30 ---- /v1/user/getlists --- GET --- jwt expired
