21:17:50 ---- /v1/ --- GET --- Not found
21:17:50 ---- /favicon.ico --- GET --- Not found
21:17:59 ---- /v1/user/login --- GET --- Not found
21:18:10 ---- /v1/users/login --- GET --- Not found
22:24:20 ---- /users/login --- POST --- Not found
22:31:14 ---- /v1/login --- POST --- Not found
22:36:58 ---- /v1/login --- POST --- Not found
22:37:33 ---- /v1/users/login --- POST --- Not found
22:37:49 ---- /v1/users/login --- POST --- Not found
22:52:47 ---- /v1/user/login --- POST --- "username" is required
22:52:47 ---- /v1/user/login --- POST --- "username" is required
22:59:36 ---- /v1/user/login --- POST --- "username" is required
23:21:58 ---- /v1/user/login --- POST --- Unauthorized
23:55:41 ---- /v1/user/login --- POST --- User name 1 not Exist
23:56:44 ---- /v1/user/login --- POST --- User name 1 not Exist
00:05:20 ---- /v1/user/login --- POST --- "username" is required
00:29:25 ---- /v1/user/login --- POST --- "username" is required
00:31:41 ---- /v1/user/login --- POST --- "username" is required
00:49:39 ---- /v1/user/login --- POST --- Unauthorized
01:22:36 ---- /v1/user/getlists --- GET --- undefined
01:43:58 ---- /v1/user/getlists --- GET --- undefined
01:49:31 ---- /v1/user/getlists --- GET --- jwt expired
01:50:06 ---- /v1/user/getlists --- GET --- jwt expired
01:50:18 ---- /v1/user/getlists --- GET --- jwt expired
01:55:22 ---- /v1/user/getlists --- GET --- jwt expired
01:58:39 ---- /v1/user/getlists --- GET --- jwt expired
02:04:18 ---- /v1/user/getlists --- GET --- jwt expired
02:04:43 ---- /v1/user/getlists --- GET --- jwt expired
02:05:20 ---- /v1/user/getlists --- GET --- jwt expired
02:10:43 ---- /v1/user/getlists --- GET --- TokenExpiredError: jwt expired
02:11:21 ---- /v1/user/getlists --- GET --- TokenExpiredError: jwt expired
02:13:01 ---- /v1/user/getlists --- GET --- TokenExpiredError: jwt expired
02:13:12 ---- /v1/user/getlists --- GET --- TokenExpiredError: jwt expired
02:13:56 ---- /v1/user/getlists --- GET --- TokenExpiredError: jwt expired
02:14:51 ---- /v1/user/getlists --- GET --- jwt expired
02:15:48 ---- /v1/user/getlists --- GET --- Cannot destructure property 'userId' of 'req.payload' as it is undefined.
02:22:22 ---- /v1/user/getlists --- GET --- Cannot destructure property 'userId' of 'req.payload' as it is undefined.
02:22:50 ---- /v1/user/getlists --- GET --- jwt expired
02:23:17 ---- /v1/user/getlists --- GET --- jwt expired
02:24:43 ---- /v1/user/getlists --- GET --- jwt expired
02:27:48 ---- /v1/user/getlists --- GET --- jwt expired
02:28:16 ---- /v1/user/getlists --- GET --- jwt expired
02:29:19 ---- /v1/user/getlists --- GET --- jwt expired
02:29:56 ---- /v1/user/getlists --- GET --- jwt expired
02:36:04 ---- /v1/user/getlists --- GET --- jwt expired
02:36:58 ---- /v1/user/getlists --- GET --- jwt expired
02:37:26 ---- /v1/user/getlists --- GET --- jwt expired
02:37:26 ---- /v1/user/getlists --- GET --- jwt expired
02:37:32 ---- /v1/user/getlists --- GET --- jwt expired
02:38:55 ---- /v1/user/getlists --- GET --- jwt expired
02:38:59 ---- /v1/user/getlists --- GET --- jwt expired
02:39:34 ---- /v1/user/getlists --- GET --- jwt expired
02:39:34 ---- /v1/user/getlists --- GET --- jwt expired
02:39:34 ---- /v1/user/getlists --- GET --- jwt expired
02:39:34 ---- /v1/user/getlists --- GET --- jwt expired
02:47:38 ---- /v1/user/getlists --- GET --- jwt expired
02:48:35 ---- /v1/user/getlists --- GET --- jwt expired
02:49:23 ---- /v1/user/getlists --- GET --- jwt expired
02:49:42 ---- /v1/user/getlists --- GET --- jwt expired
02:49:42 ---- /v1/user/getlists --- GET --- jwt expired
02:51:01 ---- /v1/user/getlists --- GET --- jwt expired
02:51:01 ---- /v1/user/getlists --- GET --- jwt expired
02:51:20 ---- /v1/user/getlists --- GET --- jwt expired
02:51:21 ---- /v1/user/getlists --- GET --- jwt expired
02:52:02 ---- /v1/user/getlists --- GET --- jwt expired
02:52:02 ---- /v1/user/getlists --- GET --- jwt expired
02:52:48 ---- /v1/user/getlists --- GET --- jwt expired
02:53:55 ---- /v1/user/getlists --- GET --- jwt expired
02:54:43 ---- /v1/user/getlists --- GET --- jwt expired
02:54:50 ---- /v1/user/getlists --- GET --- jwt expired
02:55:36 ---- /v1/user/getlists --- GET --- jwt expired
02:56:43 ---- /v1/user/getlists --- GET --- jwt expired
03:11:01 ---- /v1/user/login --- POST --- Unauthorized
03:27:55 ---- /v1/user/login --- POST --- "username" is required
03:27:56 ---- /v1/user/login --- POST --- "username" is required
03:27:58 ---- /v1/user/login --- POST --- "username" is required
03:28:07 ---- /v1/user/login --- POST --- Unauthorized
03:28:43 ---- /v1/user/login --- POST --- "password" is required
03:29:21 ---- /v1/user/login --- POST --- "password" is required
03:29:23 ---- /v1/user/login --- POST --- "password" is required
03:29:25 ---- /v1/user/login --- POST --- Unauthorized
03:47:44 ---- /v1/user/login --- POST --- "password" is required
03:47:46 ---- /v1/user/login --- POST --- "password" is required
03:47:50 ---- /v1/user/login --- POST --- Unauthorized
03:47:51 ---- /v1/user/login --- POST --- Unauthorized
03:47:52 ---- /v1/user/login --- POST --- Unauthorized
03:48:17 ---- /v1/user/getlists --- GET --- jwt expired
03:48:17 ---- /v1/user/refresh-token --- POST --- Bad request
03:48:22 ---- /v1/user/getlists --- GET --- jwt expired
03:48:22 ---- /v1/user/refresh-token --- POST --- Bad request
03:55:10 ---- /v1/user/getlists --- GET --- jwt expired
03:55:10 ---- /v1/user/refresh-token --- POST --- undefined
03:55:11 ---- /v1/user/getlists --- GET --- jwt expired
03:55:11 ---- /v1/user/refresh-token --- POST --- undefined
03:55:14 ---- /v1/user/getlists --- GET --- jwt expired
03:55:14 ---- /v1/user/refresh-token --- POST --- undefined
03:56:05 ---- /v1/user/getlists --- GET --- jwt expired
03:56:05 ---- /v1/user/refresh-token --- POST --- undefined
03:56:30 ---- /v1/user/getlists --- GET --- jwt expired
03:56:30 ---- /v1/user/refresh-token --- POST --- undefined
03:57:19 ---- /v1/user/getlists --- GET --- jwt expired
03:57:19 ---- /v1/user/refresh-token --- POST --- undefined
03:57:23 ---- /v1/user/getlists --- GET --- jwt expired
03:57:23 ---- /v1/user/refresh-token --- POST --- undefined
03:57:41 ---- /v1/user/getlists --- GET --- jwt expired
03:57:41 ---- /v1/user/refresh-token --- POST --- undefined
03:57:43 ---- /v1/user/getlists --- GET --- jwt expired
03:57:43 ---- /v1/user/refresh-token --- POST --- undefined
03:57:44 ---- /v1/user/getlists --- GET --- jwt expired
03:57:44 ---- /v1/user/refresh-token --- POST --- undefined
03:57:46 ---- /v1/user/getlists --- GET --- jwt expired
03:57:46 ---- /v1/user/refresh-token --- POST --- undefined
04:00:33 ---- /v1/user/getlists --- GET --- jwt expired
04:00:35 ---- /v1/user/getlists --- GET --- jwt expired
04:00:36 ---- /v1/user/getlists --- GET --- jwt expired
04:01:10 ---- /v1/user/getlists --- GET --- jwt expired
04:01:14 ---- /v1/user/getlists --- GET --- jwt expired
04:01:36 ---- /v1/user/getlists --- GET --- jwt expired
04:05:23 ---- /v1/user/getlists --- GET --- jwt expired
04:06:20 ---- /v1/user/getlists --- GET --- jwt expired
04:06:20 ---- /v1/user/refresh-token --- POST --- Unauthorized
04:06:29 ---- /v1/user/getlists --- GET --- jwt expired
04:06:29 ---- /v1/user/refresh-token --- POST --- Unauthorized
04:07:04 ---- /v1/user/getlists --- GET --- jwt expired
04:07:28 ---- /v1/user/getlists --- GET --- jwt expired
04:07:28 ---- /v1/user/refresh-token --- POST --- Unauthorized
04:12:32 ---- /v1/user/getlists --- GET --- jwt expired
04:12:32 ---- /v1/user/refresh-token --- POST --- Unauthorized
04:12:40 ---- /v1/user/getlists --- GET --- jwt expired
04:12:40 ---- /v1/user/refresh-token --- POST --- Unauthorized
04:12:43 ---- /v1/user/getlists --- GET --- jwt expired
04:12:43 ---- /v1/user/refresh-token --- POST --- Unauthorized
04:12:47 ---- /v1/user/getlists --- GET --- jwt expired
04:12:47 ---- /v1/user/refresh-token --- POST --- Unauthorized
04:13:03 ---- /v1/user/getlists --- GET --- jwt expired
04:13:03 ---- /v1/user/refresh-token --- POST --- Unauthorized
04:14:00 ---- /v1/user/getlists --- GET --- jwt expired
04:14:00 ---- /v1/user/refresh-token --- POST --- Unauthorized
04:14:05 ---- /v1/user/getlists --- GET --- jwt expired
04:14:05 ---- /v1/user/refresh-token --- POST --- Unauthorized
04:15:22 ---- /v1/user/getlists --- GET --- jwt expired
04:15:22 ---- /v1/user/refresh-token --- POST --- Unauthorized
04:18:33 ---- /v1/user/getlists --- GET --- jwt expired
04:18:33 ---- /v1/user/refresh-token --- POST --- Unauthorized
04:18:37 ---- /v1/user/getlists --- GET --- jwt expired
04:18:37 ---- /v1/user/refresh-token --- POST --- Unauthorized
04:21:23 ---- /v1/user/getlists --- GET --- jwt expired
04:21:23 ---- /v1/user/refresh-token --- POST --- Unauthorized
04:27:10 ---- /v1/user/getlists --- GET --- jwt expired
04:27:10 ---- /v1/user/refresh-token --- POST --- Unauthorized
04:27:55 ---- /v1/user/getlists --- GET --- jwt expired
04:27:55 ---- /v1/user/getlists --- GET --- jwt expired
04:27:55 ---- /v1/user/refresh-token --- POST --- Unauthorized
04:27:55 ---- /v1/user/getlists --- GET --- jwt expired
04:27:55 ---- /v1/user/refresh-token --- POST --- Unauthorized
04:27:56 ---- /v1/user/getlists --- GET --- jwt expired
04:27:56 ---- /v1/user/refresh-token --- POST --- Unauthorized
04:27:57 ---- /v1/user/getlists --- GET --- jwt expired
04:27:57 ---- /v1/user/refresh-token --- POST --- Unauthorized
04:27:57 ---- /v1/user/getlists --- GET --- jwt expired
04:27:57 ---- /v1/user/refresh-token --- POST --- Unauthorized
04:30:03 ---- /v1/user/getlists --- GET --- jwt expired
04:30:03 ---- /v1/user/refresh-token --- POST --- Unauthorized
04:30:06 ---- /v1/user/getlists --- GET --- jwt expired
04:30:07 ---- /v1/user/refresh-token --- POST --- Unauthorized
04:30:35 ---- /v1/user/getlists --- GET --- jwt expired
04:30:35 ---- /v1/user/refresh-token --- POST --- Unauthorized
04:30:36 ---- /v1/user/getlists --- GET --- jwt expired
04:30:36 ---- /v1/user/refresh-token --- POST --- Unauthorized
04:30:38 ---- /v1/user/getlists --- GET --- jwt expired
04:30:38 ---- /v1/user/refresh-token --- POST --- Unauthorized
04:32:57 ---- /v1/user/getlists --- GET --- jwt expired
04:32:57 ---- /v1/user/refresh-token --- POST --- Unauthorized
04:33:47 ---- /v1/user/refresh-token --- POST --- Unauthorized
04:34:13 ---- /v1/user/getlists --- GET --- jwt expired
04:34:28 ---- /v1/user/refresh-token --- POST --- Unauthorized
04:34:30 ---- /v1/user/refresh-token --- POST --- Unauthorized
04:44:35 ---- /v1/user/getlists --- GET --- jwt expired
04:44:35 ---- /v1/user/refresh-token --- POST --- Unauthorized
04:44:40 ---- /v1/user/getlists --- GET --- jwt expired
04:44:40 ---- /v1/user/refresh-token --- POST --- Unauthorized
04:45:13 ---- /v1/user/getlists --- GET --- jwt expired
04:45:13 ---- /v1/user/getlists --- GET --- jwt expired
04:45:13 ---- /v1/user/refresh-token --- POST --- Unauthorized
04:45:13 ---- /v1/user/getlists --- GET --- jwt expired
04:45:13 ---- /v1/user/refresh-token --- POST --- Unauthorized
04:45:39 ---- /v1/user/getlists --- GET --- jwt expired
04:45:39 ---- /v1/user/refresh-token --- POST --- Unauthorized
04:47:52 ---- /v1/user/getlists --- GET --- jwt expired
04:47:52 ---- /v1/user/refresh-token --- POST --- Unauthorized
04:49:28 ---- /v1/user/getlists --- GET --- jwt expired
04:49:28 ---- /v1/user/refresh-token --- POST --- Unauthorized
04:49:33 ---- /v1/user/getlists --- GET --- jwt expired
04:49:33 ---- /v1/user/refresh-token --- POST --- Unauthorized
04:49:34 ---- /v1/user/getlists --- GET --- jwt expired
04:49:34 ---- /v1/user/refresh-token --- POST --- Unauthorized
04:49:36 ---- /v1/user/getlists --- GET --- jwt expired
04:49:36 ---- /v1/user/refresh-token --- POST --- Unauthorized
04:49:36 ---- /v1/user/getlists --- GET --- jwt expired
04:49:36 ---- /v1/user/refresh-token --- POST --- Unauthorized
04:49:40 ---- /v1/user/getlists --- GET --- jwt expired
04:49:40 ---- /v1/user/refresh-token --- POST --- Unauthorized
04:49:41 ---- /v1/user/getlists --- GET --- jwt expired
04:49:41 ---- /v1/user/refresh-token --- POST --- Unauthorized
04:49:41 ---- /v1/user/getlists --- GET --- jwt expired
04:49:41 ---- /v1/user/refresh-token --- POST --- Unauthorized
04:49:41 ---- /v1/user/getlists --- GET --- jwt expired
04:49:41 ---- /v1/user/refresh-token --- POST --- Unauthorized
04:50:25 ---- /v1/user/getlists --- GET --- jwt expired
04:50:27 ---- /v1/user/getlists --- GET --- jwt expired
04:50:27 ---- /v1/user/refresh-token --- POST --- Unauthorized
04:50:30 ---- /v1/user/getlists --- GET --- jwt expired
04:50:30 ---- /v1/user/refresh-token --- POST --- Unauthorized
04:50:31 ---- /v1/user/getlists --- GET --- jwt expired
04:50:31 ---- /v1/user/refresh-token --- POST --- Unauthorized
04:50:32 ---- /v1/user/getlists --- GET --- jwt expired
04:50:32 ---- /v1/user/refresh-token --- POST --- Unauthorized
04:50:32 ---- /v1/user/getlists --- GET --- jwt expired
04:50:32 ---- /v1/user/refresh-token --- POST --- Unauthorized
04:50:32 ---- /v1/user/getlists --- GET --- jwt expired
04:50:32 ---- /v1/user/refresh-token --- POST --- Unauthorized
04:50:36 ---- /v1/user/getlists --- GET --- jwt expired
04:50:36 ---- /v1/user/refresh-token --- POST --- Unauthorized
04:50:37 ---- /v1/user/getlists --- GET --- jwt expired
04:50:37 ---- /v1/user/refresh-token --- POST --- Unauthorized
04:51:09 ---- /v1/user/getlists --- GET --- jwt expired
04:51:09 ---- /v1/user/refresh-token --- POST --- Unauthorized
04:51:10 ---- /v1/user/getlists --- GET --- jwt expired
04:51:10 ---- /v1/user/refresh-token --- POST --- Unauthorized
04:51:10 ---- /v1/user/getlists --- GET --- jwt expired
04:51:10 ---- /v1/user/refresh-token --- POST --- Unauthorized
04:51:25 ---- /v1/user/getlists --- GET --- jwt expired
04:51:25 ---- /v1/user/refresh-token --- POST --- Unauthorized
04:52:17 ---- /v1/user/getlists --- GET --- jwt expired
04:52:18 ---- /v1/user/getlists --- GET --- jwt expired
04:52:18 ---- /v1/user/refresh-token --- POST --- Unauthorized
04:52:30 ---- /v1/user/getlists --- GET --- jwt expired
04:52:30 ---- /v1/user/refresh-token --- POST --- Unauthorized
04:52:31 ---- /v1/user/getlists --- GET --- jwt expired
04:52:31 ---- /v1/user/refresh-token --- POST --- Unauthorized
04:53:03 ---- /v1/user/getlists --- GET --- jwt expired
04:53:03 ---- /v1/user/getlists --- GET --- jwt expired
04:53:03 ---- /v1/user/refresh-token --- POST --- Unauthorized
04:57:14 ---- /v1/user/getlists --- GET --- jwt expired
04:57:14 ---- /v1/user/refresh-token --- POST --- Unauthorized
04:57:17 ---- /v1/user/getlists --- GET --- jwt expired
04:57:17 ---- /v1/user/refresh-token --- POST --- Unauthorized
04:57:52 ---- /v1/user/getlists --- GET --- jwt expired
04:58:15 ---- /v1/user/getlists --- GET --- jwt expired
04:58:15 ---- /v1/user/refresh-token --- POST --- Unauthorized
04:58:55 ---- /v1/user/getlists --- GET --- jwt expired
05:00:26 ---- /v1/user/getlists --- GET --- jwt expired
05:00:26 ---- /v1/user/refresh-token --- POST --- Unauthorized
05:03:11 ---- /v1/user/getlists --- GET --- jwt expired
05:03:11 ---- /v1/user/refresh-token --- POST --- Unauthorized
05:03:43 ---- /v1/user/getlists --- GET --- jwt expired
05:03:46 ---- /v1/user/getlists --- GET --- jwt expired
05:03:46 ---- /v1/user/refresh-token --- POST --- Unauthorized
05:03:47 ---- /v1/user/getlists --- GET --- jwt expired
05:03:47 ---- /v1/user/refresh-token --- POST --- Unauthorized
05:03:48 ---- /v1/user/getlists --- GET --- jwt expired
05:03:48 ---- /v1/user/refresh-token --- POST --- Unauthorized
05:03:48 ---- /v1/user/getlists --- GET --- jwt expired
05:03:48 ---- /v1/user/refresh-token --- POST --- Unauthorized
05:03:48 ---- /v1/user/getlists --- GET --- jwt expired
05:03:49 ---- /v1/user/refresh-token --- POST --- Unauthorized
05:03:49 ---- /v1/user/getlists --- GET --- jwt expired
05:03:49 ---- /v1/user/refresh-token --- POST --- Unauthorized
05:03:49 ---- /v1/user/getlists --- GET --- jwt expired
05:03:49 ---- /v1/user/refresh-token --- POST --- Unauthorized
05:03:49 ---- /v1/user/getlists --- GET --- jwt expired
05:03:49 ---- /v1/user/refresh-token --- POST --- Unauthorized
05:03:49 ---- /v1/user/getlists --- GET --- jwt expired
05:03:49 ---- /v1/user/refresh-token --- POST --- Unauthorized
05:03:49 ---- /v1/user/getlists --- GET --- jwt expired
05:03:49 ---- /v1/user/refresh-token --- POST --- Unauthorized
05:03:50 ---- /v1/user/getlists --- GET --- jwt expired
05:03:50 ---- /v1/user/refresh-token --- POST --- Unauthorized
05:03:50 ---- /v1/user/getlists --- GET --- jwt expired
05:03:50 ---- /v1/user/refresh-token --- POST --- Unauthorized
05:03:50 ---- /v1/user/getlists --- GET --- jwt expired
05:03:50 ---- /v1/user/refresh-token --- POST --- Unauthorized
05:03:50 ---- /v1/user/getlists --- GET --- jwt expired
05:03:51 ---- /v1/user/refresh-token --- POST --- Unauthorized
05:03:51 ---- /v1/user/getlists --- GET --- jwt expired
05:03:51 ---- /v1/user/refresh-token --- POST --- Unauthorized
05:03:51 ---- /v1/user/getlists --- GET --- jwt expired
05:03:51 ---- /v1/user/refresh-token --- POST --- Unauthorized
05:03:51 ---- /v1/user/getlists --- GET --- jwt expired
05:03:51 ---- /v1/user/refresh-token --- POST --- Unauthorized
05:03:51 ---- /v1/user/getlists --- GET --- jwt expired
05:03:51 ---- /v1/user/refresh-token --- POST --- Unauthorized
05:03:51 ---- /v1/user/getlists --- GET --- jwt expired
05:03:51 ---- /v1/user/refresh-token --- POST --- Unauthorized
05:03:52 ---- /v1/user/getlists --- GET --- jwt expired
05:03:52 ---- /v1/user/refresh-token --- POST --- Unauthorized
05:03:52 ---- /v1/user/getlists --- GET --- jwt expired
05:03:52 ---- /v1/user/refresh-token --- POST --- Unauthorized
05:03:52 ---- /v1/user/getlists --- GET --- jwt expired
05:03:52 ---- /v1/user/refresh-token --- POST --- Unauthorized
05:04:17 ---- /v1/user/getlists --- GET --- jwt expired
05:04:17 ---- /v1/user/refresh-token --- POST --- Unauthorized
05:04:18 ---- /v1/user/getlists --- GET --- jwt expired
05:04:18 ---- /v1/user/refresh-token --- POST --- Unauthorized
05:04:18 ---- /v1/user/getlists --- GET --- jwt expired
05:04:18 ---- /v1/user/refresh-token --- POST --- Unauthorized
05:04:18 ---- /v1/user/getlists --- GET --- jwt expired
05:04:18 ---- /v1/user/refresh-token --- POST --- Unauthorized
05:04:18 ---- /v1/user/getlists --- GET --- jwt expired
05:04:18 ---- /v1/user/refresh-token --- POST --- Unauthorized
05:04:47 ---- /v1/user/getlists --- GET --- jwt expired
05:04:47 ---- /v1/user/refresh-token --- POST --- Unauthorized
05:05:22 ---- /v1/user/getlists --- GET --- jwt expired
05:10:11 ---- /v1/user/getlists --- GET --- jwt expired
05:10:11 ---- /v1/user/refresh-token --- POST --- Unauthorized
05:10:13 ---- /v1/user/getlists --- GET --- jwt expired
05:10:13 ---- /v1/user/refresh-token --- POST --- Unauthorized
05:11:20 ---- /v1/user/getlists --- GET --- jwt expired
05:11:20 ---- /v1/user/refresh-token --- POST --- accessToken is not defined
05:11:37 ---- /v1/user/getlists --- GET --- jwt expired
05:11:37 ---- /v1/user/refresh-token --- POST --- Unauthorized
05:12:08 ---- /v1/user/getlists --- GET --- jwt expired
05:12:08 ---- /v1/user/refresh-token --- POST --- accessToken is not defined
05:12:27 ---- /v1/user/getlists --- GET --- jwt expired
05:12:27 ---- /v1/user/refresh-token --- POST --- Unauthorized
05:13:15 ---- /v1/user/getlists --- GET --- jwt expired
05:13:15 ---- /v1/user/refresh-token --- POST --- Unauthorized
05:13:25 ---- /v1/user/login --- POST --- Unauthorized
05:13:30 ---- /v1/user/login --- POST --- Unauthorized
05:13:33 ---- /v1/user/login --- POST --- Unauthorized
05:13:39 ---- /v1/user/login --- POST --- Unauthorized
05:14:31 ---- /v1/user/login --- POST --- Unauthorized
05:15:04 ---- /v1/user/getlists --- GET --- jwt expired
05:15:27 ---- /v1/user/getlists --- GET --- jwt expired
05:18:06 ---- /v1/user/getlists --- GET --- jwt expired
